C:\USERS\JORGE\DESKTOP\CG2\ICGL\DEBUG\ICGL_ASSIGNMENT_00.OBJ
C:\USERS\JORGE\DESKTOP\CG2\ICGL\DEBUG\ICGL_ASSIGNMENT_01.OBJ
C:\USERS\JORGE\DESKTOP\CG2\ICGL\DEBUG\ICGL_ASSIGNMENT_02.OBJ
C:\USERS\JORGE\DESKTOP\CG2\ICGL\DEBUG\ICGL_ASSIGNMENT_03.OBJ
C:\USERS\JORGE\DESKTOP\CG2\ICGL\DEBUG\ICGL_ASSIGNMENT_04.OBJ
C:\USERS\JORGE\DESKTOP\CG2\ICGL\DEBUG\ICGL_ASSIGNMENT_05.OBJ
C:\USERS\JORGE\DESKTOP\CG2\ICGL\DEBUG\ICGL_ASSIGNMENT_06.OBJ
C:\USERS\JORGE\DESKTOP\CG2\ICGL\DEBUG\ICGL_ASSIGNMENT_07.OBJ
C:\USERS\JORGE\DESKTOP\CG2\ICGL\DEBUG\ICGL_ASSIGNMENT_UTILS.OBJ
C:\USERS\JORGE\DESKTOP\CG2\ICGL\DEBUG\ICGL_CORE.OBJ
C:\USERS\JORGE\DESKTOP\CG2\ICGL\DEBUG\MAIN.OBJ
C:\USERS\JORGE\DESKTOP\CG2\ICGL\DEBUG\OBJ_LOADER.OBJ
C:\USERS\JORGE\DESKTOP\CG2\ICGL\DEBUG\VC110.PDB
C:\USERS\JORGE\DESKTOP\CG2\ICGL\DEBUG\ICGL.ILK
C:\USERS\JORGE\DESKTOP\CG2\ICGL\DEBUG\ICGL.EXE
C:\USERS\JORGE\DESKTOP\CG2\ICGL\DEBUG\ICGL.PDB
C:\Users\Jorge\Desktop\CG2\ICGL\Debug\icgl_assignment_00.obj
C:\Users\Jorge\Desktop\CG2\ICGL\Debug\icgl_assignment_01.obj
C:\Users\Jorge\Desktop\CG2\ICGL\Debug\icgl_assignment_02.obj
C:\Users\Jorge\Desktop\CG2\ICGL\Debug\icgl_assignment_03.obj
C:\Users\Jorge\Desktop\CG2\ICGL\Debug\icgl_assignment_04.obj
C:\Users\Jorge\Desktop\CG2\ICGL\Debug\icgl_assignment_05.obj
C:\Users\Jorge\Desktop\CG2\ICGL\Debug\icgl_assignment_06.obj
C:\Users\Jorge\Desktop\CG2\ICGL\Debug\icgl_assignment_07.obj
C:\Users\Jorge\Desktop\CG2\ICGL\Debug\icgl_assignment_utils.obj
C:\Users\Jorge\Desktop\CG2\ICGL\Debug\icgl_core.obj
C:\Users\Jorge\Desktop\CG2\ICGL\Debug\main.obj
C:\Users\Jorge\Desktop\CG2\ICGL\Debug\obj_loader.obj
C:\Users\Jorge\Desktop\CG2\ICGL\Debug\ICGL.ilk
C:\Users\Jorge\Desktop\CG2\ICGL\Debug\cl.command.1.tlog
C:\Users\Jorge\Desktop\CG2\ICGL\Debug\CL.read.1.tlog
C:\Users\Jorge\Desktop\CG2\ICGL\Debug\CL.write.1.tlog
C:\Users\Jorge\Desktop\CG2\ICGL\Debug\link-cvtres.read.1.tlog
C:\Users\Jorge\Desktop\CG2\ICGL\Debug\link-cvtres.write.1.tlog
C:\Users\Jorge\Desktop\CG2\ICGL\Debug\link-rc.read.1.tlog
C:\Users\Jorge\Desktop\CG2\ICGL\Debug\link-rc.write.1.tlog
C:\Users\Jorge\Desktop\CG2\ICGL\Debug\link.command.1.tlog
C:\Users\Jorge\Desktop\CG2\ICGL\Debug\link.read.1.tlog
C:\Users\Jorge\Desktop\CG2\ICGL\Debug\link.write.1.tlog
C:\Users\Jorge\Desktop\CG2\ICGL\Debug\vc110.idb
C:\Users\Jorge\Desktop\CG2\ICGL\Debug\ICGL.pdb
C:\Users\Jorge\Desktop\CG2\ICGL\Debug\vc110.pdb
C:\Users\Jorge\Desktop\CG2\ICGL\Debug\ICGL.exe
